[      87ms] [LOG] TypeError: Failed to fetch
    at https://dash.cloudflare.com/cf-c0700544b11110a6.js:3:124670
    at async e (https://dash.cloudflare.com/cf-48d6691407e155d5.js:3:571819) @ https://dash.cloudflare.com/cf-9d9e1773fd9015a1.js:2
[   37476ms] [ERROR] Failed to load resource: the server responded with a status of 404 () @ https://dash.cloudflare.com/api/v4/accounts/f51d0ccf04afa2a80b963cea1a5db202/pages/connections/github/sanketp60/repos/revsynth/?provider_account_id=38463265:0
[   39750ms] [ERROR] Failed to load resource: the server responded with a status of 404 () @ https://dash.cloudflare.com/api/v4/accounts/f51d0ccf04afa2a80b963cea1a5db202/builds/repos/github/38463265/1226167136/config_autofill?branch=main&root_directory=%2F:0
[   46908ms] [ERROR] Failed to load resource: the server responded with a status of 404 () @ https://dash.cloudflare.com/api/v4/accounts/f51d0ccf04afa2a80b963cea1a5db202/builds/repos/github/38463265/1226167136/config_autofill?branch=main&root_directory=%2F:0
[   74136ms] [ERROR] Failed to load resource: the server responded with a status of 404 () @ https://dash.cloudflare.com/api/v4/accounts/f51d0ccf04afa2a80b963cea1a5db202/builds/repos/github/38463265/1226167136/config_autofill?branch=main&root_directory=%2F:0
[  121717ms] [ERROR] Failed to load resource: the server responded with a status of 404 () @ https://dash.cloudflare.com/api/v4/accounts/f51d0ccf04afa2a80b963cea1a5db202/builds/repos/github/38463265/1226167136/config_autofill?branch=main&root_directory=%2F:0
[  164097ms] [ERROR] Failed to load resource: the server responded with a status of 404 () @ https://dash.cloudflare.com/api/v4/accounts/f51d0ccf04afa2a80b963cea1a5db202/workers/scripts/revsynth/settings:0
[  168368ms] [ERROR] SparrowInvalidPropertiesError: Found invalid properties on event: "D2W: stub worker created": subcomponent, subcomponent
    at https://dash.cloudflare.com/cf-48d6691407e155d5.js:3:850820
    at https://dash.cloudflare.com/cf-48d6691407e155d5.js:3:850841
    at Object.appliedPostData (https://dash.cloudflare.com/cf-48d6691407e155d5.js:3:777545)
    at Module.y (https://dash.cloudflare.com/cf-pkg-cloudflare-utils.ee3295bc05ec6213.js:3:41905)
    at a (https://dash.cloudflare.com/cf-d9573c7d8ce1a93b.js:3:74557)
    at onSubmit (https://dash.cloudflare.com/cf-0ffc41aa7b7f8cdc.js:3:158989)
    at async https://dash.cloudflare.com/cf-ffe953d2a5c8cfae.js:3:245429 @ https://dash.cloudflare.com/cf-9d9e1773fd9015a1.js:2
[  172955ms] [ERROR] SparrowInvalidPropertiesError: Found invalid properties on event: "WCI:create worker with WCI trigger": subcomponent, subcomponent
    at https://dash.cloudflare.com/cf-48d6691407e155d5.js:3:850820
    at https://dash.cloudflare.com/cf-48d6691407e155d5.js:3:850841
    at Object.appliedPostData (https://dash.cloudflare.com/cf-48d6691407e155d5.js:3:777545)
    at Module.y (https://dash.cloudflare.com/cf-pkg-cloudflare-utils.ee3295bc05ec6213.js:3:41905)
    at a (https://dash.cloudflare.com/cf-d9573c7d8ce1a93b.js:3:74557)
    at onSubmit (https://dash.cloudflare.com/cf-0ffc41aa7b7f8cdc.js:3:166162)
    at async https://dash.cloudflare.com/cf-ffe953d2a5c8cfae.js:3:245429 @ https://dash.cloudflare.com/cf-9d9e1773fd9015a1.js:2
[  175925ms] [ERROR] SparrowInvalidPropertiesError: Found invalid properties on event: "WCI:create WCI build in create from repo flow": subcomponent, subcomponent
    at https://dash.cloudflare.com/cf-48d6691407e155d5.js:3:850820
    at https://dash.cloudflare.com/cf-48d6691407e155d5.js:3:850841
    at Object.appliedPostData (https://dash.cloudflare.com/cf-48d6691407e155d5.js:3:777545)
    at Module.y (https://dash.cloudflare.com/cf-pkg-cloudflare-utils.ee3295bc05ec6213.js:3:41905)
    at a (https://dash.cloudflare.com/cf-d9573c7d8ce1a93b.js:3:74557)
    at onSubmit (https://dash.cloudflare.com/cf-0ffc41aa7b7f8cdc.js:3:167797)
    at async https://dash.cloudflare.com/cf-ffe953d2a5c8cfae.js:3:245429 @ https://dash.cloudflare.com/cf-9d9e1773fd9015a1.js:2
